28-Jul-2021 21:28:43.968 WARNING [main] org.apache.tomcat.util.digester.SetPropertiesRule.begin Match [Server/Service/Connector] failed to set property [maxActive] to [20000]
28-Jul-2021 21:28:44.097 INFO [main] org.apache.catalina.startup.VersionLoggerListener.log Server version name:   Apache Tomcat/9.0.50
28-Jul-2021 21:28:44.097 INFO [main] org.apache.catalina.startup.VersionLoggerListener.log Server built:          Jun 28 2021 08:46:44 UTC
28-Jul-2021 21:28:44.097 INFO [main] org.apache.catalina.startup.VersionLoggerListener.log Server version number: 9.0.50.0
28-Jul-2021 21:28:44.098 INFO [main] org.apache.catalina.startup.VersionLoggerListener.log OS Name:               Linux
28-Jul-2021 21:28:44.098 INFO [main] org.apache.catalina.startup.VersionLoggerListener.log OS Version:            3.10.0-1160.31.1.el7.x86_64
28-Jul-2021 21:28:44.098 INFO [main] org.apache.catalina.startup.VersionLoggerListener.log Architecture:          amd64
28-Jul-2021 21:28:44.098 INFO [main] org.apache.catalina.startup.VersionLoggerListener.log Java Home:             /usr/lib/jvm/java-1.8.0-openjdk-1.8.0.292.b10-1.el7_9.x86_64/jre
28-Jul-2021 21:28:44.098 INFO [main] org.apache.catalina.startup.VersionLoggerListener.log JVM Version:           1.8.0_292-b10
28-Jul-2021 21:28:44.098 INFO [main] org.apache.catalina.startup.VersionLoggerListener.log JVM Vendor:            Red Hat, Inc.
28-Jul-2021 21:28:44.098 INFO [main] org.apache.catalina.startup.VersionLoggerListener.log CATALINA_BASE:         /opt/apache-tomcat-9.0.50
28-Jul-2021 21:28:44.098 INFO [main] org.apache.catalina.startup.VersionLoggerListener.log CATALINA_HOME:         /opt/apache-tomcat-9.0.50
28-Jul-2021 21:28:44.098 INFO [main] org.apache.catalina.startup.VersionLoggerListener.log Command line argument: -Djava.util.logging.config.file=/opt/tomcat/conf/logging.properties
28-Jul-2021 21:28:44.098 INFO [main] org.apache.catalina.startup.VersionLoggerListener.log Command line argument: -Djava.util.logging.manager=org.apache.juli.ClassLoaderLogManager
28-Jul-2021 21:28:44.098 INFO [main] org.apache.catalina.startup.VersionLoggerListener.log Command line argument: -Djdk.tls.ephemeralDHKeySize=2048
28-Jul-2021 21:28:44.099 INFO [main] org.apache.catalina.startup.VersionLoggerListener.log Command line argument: -Djava.protocol.handler.pkgs=org.apache.catalina.webresources
28-Jul-2021 21:28:44.099 INFO [main] org.apache.catalina.startup.VersionLoggerListener.log Command line argument: -Dorg.apache.catalina.security.SecurityListener.UMASK=0027
28-Jul-2021 21:28:44.099 INFO [main] org.apache.catalina.startup.VersionLoggerListener.log Command line argument: -Dignore.endorsed.dirs=
28-Jul-2021 21:28:44.099 INFO [main] org.apache.catalina.startup.VersionLoggerListener.log Command line argument: -Dcatalina.base=/opt/tomcat
28-Jul-2021 21:28:44.099 INFO [main] org.apache.catalina.startup.VersionLoggerListener.log Command line argument: -Dcatalina.home=/opt/tomcat
28-Jul-2021 21:28:44.099 INFO [main] org.apache.catalina.startup.VersionLoggerListener.log Command line argument: -Djava.io.tmpdir=/opt/tomcat/temp
28-Jul-2021 21:28:44.116 INFO [main] org.apache.catalina.core.AprLifecycleListener.lifecycleEvent The Apache Tomcat Native library which allows using OpenSSL was not found on the java.library.path: [/usr/java/packages/lib/amd64:/usr/lib64:/lib64:/lib:/usr/lib]
28-Jul-2021 21:28:45.144 INFO [main] org.apache.coyote.AbstractProtocol.init Initializing ProtocolHandler ["http-nio-80"]
28-Jul-2021 21:28:45.208 INFO [main] org.apache.coyote.AbstractProtocol.init Initializing ProtocolHandler ["https-jsse-nio-443"]
28-Jul-2021 21:28:45.663 INFO [main] org.apache.catalina.startup.Catalina.load Server initialization in [1968] milliseconds
28-Jul-2021 21:28:45.727 INFO [main] org.apache.catalina.core.StandardService.startInternal Starting service [Catalina]
28-Jul-2021 21:28:45.727 INFO [main] org.apache.catalina.core.StandardEngine.startInternal Starting Servlet engine: [Apache Tomcat/9.0.50]
28-Jul-2021 21:28:45.811 INFO [main] org.apache.catalina.startup.HostConfig.deployWAR Deploying web application archive [/opt/apache-tomcat-9.0.50/webapps/sample.war]
28-Jul-2021 21:28:46.358 INFO [main] org.apache.catalina.startup.HostConfig.deployWAR Deployment of web application archive [/opt/apache-tomcat-9.0.50/webapps/sample.war] has finished in [547] ms
28-Jul-2021 21:28:46.363 INFO [main] org.apache.coyote.AbstractProtocol.start Starting ProtocolHandler ["http-nio-80"]
28-Jul-2021 21:28:46.372 INFO [main] org.apache.coyote.AbstractProtocol.start Starting ProtocolHandler ["https-jsse-nio-443"]
28-Jul-2021 21:28:46.375 INFO [main] org.apache.catalina.startup.Catalina.start Server startup in [711] milliseconds
